<?xml version="1.0" encoding="UTF-8"?>
<!-- Generated by org.testng.reporters.JUnitXMLReporter -->
<testsuite hostname="Anax" ignored="0" name="Search rent adds" tests="3" failures="0" timestamp="23 Jun 2019 20:19:14 GMT" time="39.637" errors="0">
  <testcase name="searchPropertiesToRent" time="0.548" classname="selenium.xeWebClientAutomation.realEstate.SearchRentAds"/>
  <testcase name="searchPropertiesToRentSelectAll" time="11.313" classname="selenium.xeWebClientAutomation.realEstate.SearchRentAds"/>
  <testcase name="searchToRentFillInPriceSQM" time="7.075" classname="selenium.xeWebClientAutomation.realEstate.SearchRentAds"/>
</testsuite> <!-- Search rent adds -->
