<?xml version="1.0" encoding="UTF-8"?>
<!-- Generated by org.testng.reporters.JUnitXMLReporter -->
<testsuite hostname="Anax" ignored="0" name="Verify rent search results" tests="6" failures="0" timestamp="23 Jun 2019 20:24:26 GMT" time="311.997" errors="0">
  <testcase name="verifySQMResults" time="13.537" classname="selenium.xeWebClientAutomation.realEstate.VerifySearchPageResults"/>
  <testcase name="verifyPriceResults" time="13.751" classname="selenium.xeWebClientAutomation.realEstate.VerifySearchPageResults"/>
  <testcase name="verifyNumberOfPhotos" time="31.417" classname="selenium.xeWebClientAutomation.realEstate.VerifySearchPageResults"/>
  <testcase name="verifyDescPriceSorting" time="22.015" classname="selenium.xeWebClientAutomation.realEstate.VerifySearchPageResults"/>
  <testcase name="verifyPlusAds" time="45.01" classname="selenium.xeWebClientAutomation.realEstate.VerifySearchPageResults"/>
  <testcase name="verifyPhoneButton" time="169.867" classname="selenium.xeWebClientAutomation.realEstate.VerifySearchPageResults"/>
</testsuite> <!-- Verify rent search results -->
